<?xml version="1.0" encoding="UTF-8"?>
<testng-results ignored="0" total="2" passed="2" failed="0" skipped="0">
  <reporter-output>
  </reporter-output>
  <suite started-at="2025-07-04T12:01:40 IST" name="Suite" finished-at="2025-07-04T12:01:53 IST" duration-ms="13535">
    <groups>
    </groups>
    <test started-at="2025-07-04T12:01:40 IST" name="edgeTest" finished-at="2025-07-04T12:01:53 IST" duration-ms="13535">
      <class name="testcases.verifyLoginPageTest">
        <test-method is-config="true" signature="browserLaunch(java.lang.String)[pri:0, instance:testcases.verifyLoginPageTest@1255b1d1]" started-at="2025-07-04T12:01:40 IST" name="browserLaunch" finished-at="2025-07-04T12:01:50 IST" duration-ms="10273" status="PASS">
          <params>
            <param index="0">
              <value>
                <![CDATA[edge]]>
              </value>
            </param>
          </params>
          <reporter-output>
          </reporter-output>
        </test-method> <!-- browserLaunch -->
        <test-method signature="T001_VerifyLoginPage()[pri:0, instance:testcases.verifyLoginPageTest@1255b1d1]" started-at="2025-07-04T12:01:50 IST" name="T001_VerifyLoginPage" finished-at="2025-07-04T12:01:53 IST" duration-ms="2975" status="PASS">
          <reporter-output>
          </reporter-output>
        </test-method> <!-- T001_VerifyLoginPage -->
        <test-method is-config="true" signature="tearDown()[pri:0, instance:testcases.verifyLoginPageTest@1255b1d1]" started-at="2025-07-04T12:01:53 IST" name="tearDown" finished-at="2025-07-04T12:01:53 IST" duration-ms="0" status="PASS">
          <reporter-output>
          </reporter-output>
        </test-method> <!-- tearDown -->
      </class> <!-- testcases.verifyLoginPageTest -->
    </test> <!-- edgeTest -->
    <test started-at="2025-07-04T12:01:40 IST" name="chromeTest" finished-at="2025-07-04T12:01:53 IST" duration-ms="13239">
      <class name="testcases.verifyLoginPageTest">
        <test-method is-config="true" signature="browserLaunch(java.lang.String)[pri:0, instance:testcases.verifyLoginPageTest@f9d87b]" started-at="2025-07-04T12:01:40 IST" name="browserLaunch" finished-at="2025-07-04T12:01:51 IST" duration-ms="10418" status="PASS">
          <params>
            <param index="0">
              <value>
                <![CDATA[chrome]]>
              </value>
            </param>
          </params>
          <reporter-output>
          </reporter-output>
        </test-method> <!-- browserLaunch -->
        <test-method signature="T001_VerifyLoginPage()[pri:0, instance:testcases.verifyLoginPageTest@f9d87b]" started-at="2025-07-04T12:01:51 IST" name="T001_VerifyLoginPage" finished-at="2025-07-04T12:01:53 IST" duration-ms="2520" status="PASS">
          <reporter-output>
          </reporter-output>
        </test-method> <!-- T001_VerifyLoginPage -->
        <test-method is-config="true" signature="tearDown()[pri:0, instance:testcases.verifyLoginPageTest@f9d87b]" started-at="2025-07-04T12:01:53 IST" name="tearDown" finished-at="2025-07-04T12:01:53 IST" duration-ms="0" status="PASS">
          <reporter-output>
          </reporter-output>
        </test-method> <!-- tearDown -->
      </class> <!-- testcases.verifyLoginPageTest -->
    </test> <!-- chromeTest -->
  </suite> <!-- Suite -->
</testng-results>
